<?xml version="1.0" encoding="UTF-8"?>
<!-- Generated by org.testng.reporters.JUnitReportReporter -->
<testsuite skipped="0" hostname="Omers-MacBook-Pro.local" name="com.qa.hotels.tests.HiltonHotelsInCincinnatiTest" tests="2" failures="0" timestamp="2020-10-21T12:21:17 EDT" time="16.158" errors="0">
  <testcase name="verifyPageTitle" time="6.122" classname="com.qa.hotels.tests.HiltonHotelsInCincinnatiTest"/>
  <system-out/>
  <testcase name="hiltonHotelsWithThreeStars" time="10.036" classname="com.qa.hotels.tests.HiltonHotelsInCincinnatiTest"/>
  <system-out/>
</testsuite> <!-- com.qa.hotels.tests.HiltonHotelsInCincinnatiTest -->
