<?xml version="1.0" encoding="UTF-8"?>
<!-- Generated by org.testng.reporters.JUnitReportReporter -->
<testsuite skipped="0" hostname="Omers-MacBook-Pro.local" name="com.qa.hotels.tests.TwoStarsHotelsPageTest" tests="3" failures="0" timestamp="2020-10-21T11:15:01 EDT" time="29.037" errors="0">
  <testcase name="verifyPageTitle" time="5.209" classname="com.qa.hotels.tests.TwoStarsHotelsPageTest"/>
  <system-out/>
  <testcase name="selectThreeStarAndAirport" time="11.235" classname="com.qa.hotels.tests.TwoStarsHotelsPageTest"/>
  <system-out/>
  <testcase name="verifyThreeStarHotels" time="12.593" classname="com.qa.hotels.tests.TwoStarsHotelsPageTest"/>
  <system-out/>
</testsuite> <!-- com.qa.hotels.tests.TwoStarsHotelsPageTest -->
