<?xml version="1.0" encoding="UTF-8"?>
<!-- Generated by org.testng.reporters.JUnitReportReporter -->
<testsuite skipped="1" hostname="Omers-MacBook-Pro.local" name="com.qa.hotels.tests.HotelsInCincinnatiTest" tests="2" failures="0" timestamp="2020-10-20T14:31:25 EDT" time="10.818" errors="0">
  <testcase name="distance" time="10.818" classname="com.qa.hotels.tests.HotelsInCincinnatiTest"/>
  <system-out/>
  <testcase name="verifyPageTitle" classname="com.qa.hotels.tests.HotelsInCincinnatiTest">
    <skipped/>
  </testcase> <!-- verifyPageTitle -->
  <system-out/>
</testsuite> <!-- com.qa.hotels.tests.HotelsInCincinnatiTest -->
