<?xml version="1.0" encoding="UTF-8"?>
<!-- Generated by org.testng.reporters.JUnitReportReporter -->
<testsuite skipped="1" hostname="Omers-MacBook-Pro.local" name="com.qa.hotels.tests.FourStarsHotelsPageTest" tests="3" failures="0" timestamp="2020-10-20T16:04:38 EDT" time="24.892" errors="0">
  <testcase name="selectThreeStarAndAirport" time="11.533" classname="com.qa.hotels.tests.FourStarsHotelsPageTest"/>
  <system-out/>
  <testcase name="verifyThreeStarHotels" time="13.359" classname="com.qa.hotels.tests.FourStarsHotelsPageTest"/>
  <system-out/>
  <testcase name="verifyPageTitle" classname="com.qa.hotels.tests.FourStarsHotelsPageTest">
    <skipped/>
  </testcase> <!-- verifyPageTitle -->
  <system-out/>
</testsuite> <!-- com.qa.hotels.tests.FourStarsHotelsPageTest -->
