<?xml version="1.0" encoding="UTF-8"?>
<!-- Generated by org.testng.reporters.JUnitReportReporter -->
<testsuite skipped="0" hostname="Omers-MacBook-Pro.local" name="com.qa.hotels.tests.HomePageTest" tests="2" failures="0" timestamp="2020-10-21T12:27:02 EDT" time="26.426" errors="0">
  <testcase name="verifyPageTitle" time="2.603" classname="com.qa.hotels.tests.HomePageTest"/>
  <system-out/>
  <testcase name="selectDestination" time="23.823" classname="com.qa.hotels.tests.HomePageTest"/>
  <system-out/>
</testsuite> <!-- com.qa.hotels.tests.HomePageTest -->
